  UpdateSpider.cpp
c:\projekty\projektcpp\symulacja hodowli robaków - kopia\symulacja hodowli robaków\updatespider.cpp(26): warning C4018: '<': signed/unsigned mismatch
c:\projekty\projektcpp\symulacja hodowli robaków - kopia\symulacja hodowli robaków\updatespider.cpp(43): warning C4018: '<': signed/unsigned mismatch
c:\projekty\projektcpp\symulacja hodowli robaków - kopia\symulacja hodowli robaków\updatespider.cpp(65): warning C4018: '<': signed/unsigned mismatch
  RunScreen.cpp
c:\projekty\projektcpp\symulacja hodowli robaków - kopia\symulacja hodowli robaków\runscreen.cpp(13): warning C4244: 'argument': conversion from 'float' to 'int', possible loss of data
c:\projekty\projektcpp\symulacja hodowli robaków - kopia\symulacja hodowli robaków\runscreen.cpp(13): warning C4244: 'argument': conversion from 'const float' to 'int', possible loss of data
c:\projekty\projektcpp\symulacja hodowli robaków - kopia\symulacja hodowli robaków\runscreen.cpp(17): warning C4244: '=': conversion from 'float' to 'int', possible loss of data
c:\projekty\projektcpp\symulacja hodowli robaków - kopia\symulacja hodowli robaków\runscreen.cpp(18): warning C4244: '=': conversion from 'float' to 'int', possible loss of data
c:\projekty\projektcpp\symulacja hodowli robaków - kopia\symulacja hodowli robaków\runscreen.cpp(61): warning C4018: '<': signed/unsigned mismatch
c:\projekty\projektcpp\symulacja hodowli robaków - kopia\symulacja hodowli robaków\runscreen.cpp(66): warning C4018: '<': signed/unsigned mismatch
c:\projekty\projektcpp\symulacja hodowli robaków - kopia\symulacja hodowli robaków\runscreen.cpp(127): warning C4018: '<': signed/unsigned mismatch
c:\projekty\projektcpp\symulacja hodowli robaków - kopia\symulacja hodowli robaków\runscreen.cpp(140): warning C4018: '<': signed/unsigned mismatch
c:\projekty\projektcpp\symulacja hodowli robaków - kopia\symulacja hodowli robaków\runscreen.cpp(154): warning C4018: '<': signed/unsigned mismatch
c:\projekty\projektcpp\symulacja hodowli robaków - kopia\symulacja hodowli robaków\runscreen.cpp(156): warning C4018: '<': signed/unsigned mismatch
c:\projekty\projektcpp\symulacja hodowli robaków - kopia\symulacja hodowli robaków\runscreen.cpp(167): warning C4244: 'argument': conversion from 'int' to 'float', possible loss of data
c:\projekty\projektcpp\symulacja hodowli robaków - kopia\symulacja hodowli robaków\runscreen.cpp(170): warning C4244: '=': conversion from 'int' to 'float', possible loss of data
c:\projekty\projektcpp\symulacja hodowli robaków - kopia\symulacja hodowli robaków\runscreen.cpp(173): warning C4018: '<': signed/unsigned mismatch
c:\projekty\projektcpp\symulacja hodowli robaków - kopia\symulacja hodowli robaków\runscreen.cpp(180): warning C4018: '<': signed/unsigned mismatch
c:\projekty\projektcpp\symulacja hodowli robaków - kopia\symulacja hodowli robaków\runscreen.cpp(182): warning C4018: '<': signed/unsigned mismatch
c:\projekty\projektcpp\symulacja hodowli robaków - kopia\symulacja hodowli robaków\runscreen.cpp(189): warning C4018: '<': signed/unsigned mismatch
c:\projekty\projektcpp\symulacja hodowli robaków - kopia\symulacja hodowli robaków\runscreen.cpp(195): warning C4305: '-=': truncation from 'double' to 'float'
c:\projekty\projektcpp\symulacja hodowli robaków - kopia\symulacja hodowli robaków\runscreen.cpp(201): warning C4244: 'argument': conversion from 'int' to 'float', possible loss of data
c:\projekty\projektcpp\symulacja hodowli robaków - kopia\symulacja hodowli robaków\runscreen.cpp(204): warning C4244: '=': conversion from 'int' to 'float', possible loss of data
c:\projekty\projektcpp\symulacja hodowli robaków - kopia\symulacja hodowli robaków\runscreen.cpp(207): warning C4018: '<': signed/unsigned mismatch
c:\projekty\projektcpp\symulacja hodowli robaków - kopia\symulacja hodowli robaków\runscreen.cpp(222): warning C4244: 'argument': conversion from 'float' to 'int', possible loss of data
c:\projekty\projektcpp\symulacja hodowli robaków - kopia\symulacja hodowli robaków\runscreen.cpp(226): warning C4244: 'initializing': conversion from 'float' to 'int', possible loss of data
c:\projekty\projektcpp\symulacja hodowli robaków - kopia\symulacja hodowli robaków\runscreen.cpp(231): warning C4244: 'initializing': conversion from 'float' to 'int', possible loss of data
c:\projekty\projektcpp\symulacja hodowli robaków - kopia\symulacja hodowli robaków\runscreen.cpp(233): warning C4244: 'argument': conversion from 'int' to 'float', possible loss of data
c:\projekty\projektcpp\symulacja hodowli robaków - kopia\symulacja hodowli robaków\runscreen.cpp(235): warning C4244: '=': conversion from 'float' to 'int', possible loss of data
c:\projekty\projektcpp\symulacja hodowli robaków - kopia\symulacja hodowli robaków\runscreen.cpp(241): warning C4244: '=': conversion from 'float' to 'int', possible loss of data
c:\projekty\projektcpp\symulacja hodowli robaków - kopia\symulacja hodowli robaków\runscreen.cpp(245): warning C4244: 'initializing': conversion from 'float' to 'int', possible loss of data
c:\projekty\projektcpp\symulacja hodowli robaków - kopia\symulacja hodowli robaków\runscreen.cpp(247): warning C4244: '=': conversion from 'float' to 'int', possible loss of data
c:\projekty\projektcpp\symulacja hodowli robaków - kopia\symulacja hodowli robaków\runscreen.cpp(250): warning C4244: '=': conversion from 'float' to 'int', possible loss of data
c:\projekty\projektcpp\symulacja hodowli robaków - kopia\symulacja hodowli robaków\runscreen.cpp(256): warning C4244: 'initializing': conversion from 'float' to 'int', possible loss of data
c:\projekty\projektcpp\symulacja hodowli robaków - kopia\symulacja hodowli robaków\runscreen.cpp(261): warning C4244: 'initializing': conversion from 'float' to 'int', possible loss of data
c:\projekty\projektcpp\symulacja hodowli robaków - kopia\symulacja hodowli robaków\runscreen.cpp(263): warning C4244: 'argument': conversion from 'int' to 'float', possible loss of data
c:\projekty\projektcpp\symulacja hodowli robaków - kopia\symulacja hodowli robaków\runscreen.cpp(265): warning C4244: '=': conversion from 'float' to 'int', possible loss of data
c:\projekty\projektcpp\symulacja hodowli robaków - kopia\symulacja hodowli robaków\runscreen.cpp(271): warning C4244: '=': conversion from 'float' to 'int', possible loss of data
c:\projekty\projektcpp\symulacja hodowli robaków - kopia\symulacja hodowli robaków\runscreen.cpp(275): warning C4244: 'initializing': conversion from 'float' to 'int', possible loss of data
c:\projekty\projektcpp\symulacja hodowli robaków - kopia\symulacja hodowli robaków\runscreen.cpp(277): warning C4244: '=': conversion from 'float' to 'int', possible loss of data
c:\projekty\projektcpp\symulacja hodowli robaków - kopia\symulacja hodowli robaków\runscreen.cpp(280): warning C4244: '=': conversion from 'float' to 'int', possible loss of data
c:\projekty\projektcpp\symulacja hodowli robaków - kopia\symulacja hodowli robaków\runscreen.cpp(304): warning C4018: '<': signed/unsigned mismatch
c:\projekty\projektcpp\symulacja hodowli robaków - kopia\symulacja hodowli robaków\runscreen.cpp(306): warning C4018: '<': signed/unsigned mismatch
c:\projekty\projektcpp\symulacja hodowli robaków - kopia\symulacja hodowli robaków\runscreen.cpp(312): warning C4018: '<': signed/unsigned mismatch
c:\projekty\projektcpp\symulacja hodowli robaków - kopia\symulacja hodowli robaków\runscreen.cpp(319): warning C4018: '<': signed/unsigned mismatch
c:\projekty\projektcpp\symulacja hodowli robaków - kopia\symulacja hodowli robaków\runscreen.cpp(324): warning C4018: '<': signed/unsigned mismatch
  Food.cpp
c:\projekty\projektcpp\symulacja hodowli robaków - kopia\symulacja hodowli robaków\food.cpp(12): warning C4018: '<': signed/unsigned mismatch
c:\projekty\projektcpp\symulacja hodowli robaków - kopia\symulacja hodowli robaków\food.cpp(61): warning C4018: '<': signed/unsigned mismatch
c:\projekty\projektcpp\symulacja hodowli robaków - kopia\symulacja hodowli robaków\food.cpp(63): warning C4018: '<': signed/unsigned mismatch
c:\projekty\projektcpp\symulacja hodowli robaków - kopia\symulacja hodowli robaków\food.cpp(74): warning C4244: '=': conversion from 'int' to 'float', possible loss of data
c:\projekty\projektcpp\symulacja hodowli robaków - kopia\symulacja hodowli robaków\food.cpp(82): warning C4018: '<': signed/unsigned mismatch
c:\projekty\projektcpp\symulacja hodowli robaków - kopia\symulacja hodowli robaków\food.cpp(105): warning C4244: 'initializing': conversion from 'float' to 'int', possible loss of data
c:\projekty\projektcpp\symulacja hodowli robaków - kopia\symulacja hodowli robaków\food.cpp(106): warning C4244: 'initializing': conversion from 'float' to 'int', possible loss of data
c:\projekty\projektcpp\symulacja hodowli robaków - kopia\symulacja hodowli robaków\food.cpp(107): warning C4244: 'initializing': conversion from 'float' to 'int', possible loss of data
c:\projekty\projektcpp\symulacja hodowli robaków - kopia\symulacja hodowli robaków\food.cpp(108): warning C4244: 'initializing': conversion from 'float' to 'int', possible loss of data
c:\projekty\projektcpp\symulacja hodowli robaków - kopia\symulacja hodowli robaków\food.cpp(110): warning C4018: '<': signed/unsigned mismatch
c:\projekty\projektcpp\symulacja hodowli robaków - kopia\symulacja hodowli robaków\food.cpp(112): warning C4018: '<': signed/unsigned mismatch
c:\projekty\projektcpp\symulacja hodowli robaków - kopia\symulacja hodowli robaków\food.cpp(118): warning C4244: 'argument': conversion from 'float' to 'int', possible loss of data
  Generating Code...
  Compiling...
  main.cpp
c:\projekty\projektcpp\symulacja hodowli robaków - kopia\symulacja hodowli robaków\main.cpp(21): warning C4244: 'argument': conversion from 'const float' to 'unsigned int', possible loss of data
  SettingsScreen.cpp
c:\projekty\projektcpp\symulacja hodowli robaków - kopia\symulacja hodowli robaków\settingsscreen.cpp(38): warning C4244: 'argument': conversion from 'int' to 'float', possible loss of data
c:\projekty\projektcpp\symulacja hodowli robaków - kopia\symulacja hodowli robaków\settingsscreen.cpp(39): warning C4244: 'argument': conversion from 'int' to 'float', possible loss of data
c:\projekty\projektcpp\symulacja hodowli robaków - kopia\symulacja hodowli robaków\settingsscreen.cpp(48): warning C4244: 'argument': conversion from 'int' to 'float', possible loss of data
c:\projekty\projektcpp\symulacja hodowli robaków - kopia\symulacja hodowli robaków\settingsscreen.cpp(49): warning C4244: 'argument': conversion from 'int' to 'float', possible loss of data
  ScreenManager.cpp
  PauseScreen.cpp
c:\projekty\projektcpp\symulacja hodowli robaków - kopia\symulacja hodowli robaków\pausescreen.cpp(37): warning C4244: 'argument': conversion from 'int' to 'float', possible loss of data
c:\projekty\projektcpp\symulacja hodowli robaków - kopia\symulacja hodowli robaków\pausescreen.cpp(38): warning C4244: 'argument': conversion from 'int' to 'float', possible loss of data
c:\projekty\projektcpp\symulacja hodowli robaków - kopia\symulacja hodowli robaków\pausescreen.cpp(47): warning C4244: 'argument': conversion from 'int' to 'float', possible loss of data
c:\projekty\projektcpp\symulacja hodowli robaków - kopia\symulacja hodowli robaków\pausescreen.cpp(48): warning C4244: 'argument': conversion from 'int' to 'float', possible loss of data
  MenuScreen.cpp
  EditMapScreen.cpp
c:\projekty\projektcpp\symulacja hodowli robaków - kopia\symulacja hodowli robaków\editmapscreen.cpp(14): warning C4244: 'argument': conversion from 'float' to 'int', possible loss of data
c:\projekty\projektcpp\symulacja hodowli robaków - kopia\symulacja hodowli robaków\editmapscreen.cpp(14): warning C4244: 'argument': conversion from 'const float' to 'int', possible loss of data
c:\projekty\projektcpp\symulacja hodowli robaków - kopia\symulacja hodowli robaków\editmapscreen.cpp(18): warning C4244: '=': conversion from 'float' to 'int', possible loss of data
c:\projekty\projektcpp\symulacja hodowli robaków - kopia\symulacja hodowli robaków\editmapscreen.cpp(19): warning C4244: '=': conversion from 'float' to 'int', possible loss of data
c:\projekty\projektcpp\symulacja hodowli robaków - kopia\symulacja hodowli robaków\editmapscreen.cpp(106): warning C4244: 'initializing': conversion from 'float' to 'int', possible loss of data
c:\projekty\projektcpp\symulacja hodowli robaków - kopia\symulacja hodowli robaków\editmapscreen.cpp(107): warning C4244: 'initializing': conversion from 'float' to 'int', possible loss of data
c:\projekty\projektcpp\symulacja hodowli robaków - kopia\symulacja hodowli robaków\editmapscreen.cpp(122): warning C4018: '<': signed/unsigned mismatch
c:\projekty\projektcpp\symulacja hodowli robaków - kopia\symulacja hodowli robaków\editmapscreen.cpp(124): warning C4018: '<': signed/unsigned mismatch
c:\projekty\projektcpp\symulacja hodowli robaków - kopia\symulacja hodowli robaków\editmapscreen.cpp(131): warning C4244: 'argument': conversion from 'float' to 'int', possible loss of data
c:\projekty\projektcpp\symulacja hodowli robaków - kopia\symulacja hodowli robaków\editmapscreen.cpp(135): warning C4244: 'initializing': conversion from 'float' to 'int', possible loss of data
c:\projekty\projektcpp\symulacja hodowli robaków - kopia\symulacja hodowli robaków\editmapscreen.cpp(140): warning C4244: 'initializing': conversion from 'float' to 'int', possible loss of data
c:\projekty\projektcpp\symulacja hodowli robaków - kopia\symulacja hodowli robaków\editmapscreen.cpp(142): warning C4244: 'argument': conversion from 'int' to 'float', possible loss of data
c:\projekty\projektcpp\symulacja hodowli robaków - kopia\symulacja hodowli robaków\editmapscreen.cpp(144): warning C4244: '=': conversion from 'float' to 'int', possible loss of data
c:\projekty\projektcpp\symulacja hodowli robaków - kopia\symulacja hodowli robaków\editmapscreen.cpp(150): warning C4244: '=': conversion from 'float' to 'int', possible loss of data
c:\projekty\projektcpp\symulacja hodowli robaków - kopia\symulacja hodowli robaków\editmapscreen.cpp(154): warning C4244: 'initializing': conversion from 'float' to 'int', possible loss of data
c:\projekty\projektcpp\symulacja hodowli robaków - kopia\symulacja hodowli robaków\editmapscreen.cpp(156): warning C4244: '=': conversion from 'float' to 'int', possible loss of data
c:\projekty\projektcpp\symulacja hodowli robaków - kopia\symulacja hodowli robaków\editmapscreen.cpp(159): warning C4244: '=': conversion from 'float' to 'int', possible loss of data
c:\projekty\projektcpp\symulacja hodowli robaków - kopia\symulacja hodowli robaków\editmapscreen.cpp(165): warning C4244: 'initializing': conversion from 'float' to 'int', possible loss of data
c:\projekty\projektcpp\symulacja hodowli robaków - kopia\symulacja hodowli robaków\editmapscreen.cpp(170): warning C4244: 'initializing': conversion from 'float' to 'int', possible loss of data
c:\projekty\projektcpp\symulacja hodowli robaków - kopia\symulacja hodowli robaków\editmapscreen.cpp(172): warning C4244: 'argument': conversion from 'int' to 'float', possible loss of data
c:\projekty\projektcpp\symulacja hodowli robaków - kopia\symulacja hodowli robaków\editmapscreen.cpp(174): warning C4244: '=': conversion from 'float' to 'int', possible loss of data
c:\projekty\projektcpp\symulacja hodowli robaków - kopia\symulacja hodowli robaków\editmapscreen.cpp(180): warning C4244: '=': conversion from 'float' to 'int', possible loss of data
c:\projekty\projektcpp\symulacja hodowli robaków - kopia\symulacja hodowli robaków\editmapscreen.cpp(184): warning C4244: 'initializing': conversion from 'float' to 'int', possible loss of data
c:\projekty\projektcpp\symulacja hodowli robaków - kopia\symulacja hodowli robaków\editmapscreen.cpp(186): warning C4244: '=': conversion from 'float' to 'int', possible loss of data
c:\projekty\projektcpp\symulacja hodowli robaków - kopia\symulacja hodowli robaków\editmapscreen.cpp(189): warning C4244: '=': conversion from 'float' to 'int', possible loss of data
  Generating Code...
  Skipping... (no relevant changes detected)
  GameScreen.cpp
  Symulacja hodowli robaków.vcxproj -> C:\Projekty\ProjektCPP\Symulacja hodowli robaków - Kopia\Debug\Symulacja hodowli robaków.exe
  Symulacja hodowli robaków.vcxproj -> C:\Projekty\ProjektCPP\Symulacja hodowli robaków - Kopia\Debug\Symulacja hodowli robaków.pdb (Partial PDB)
